"../../../Engine/Content/Functions/Engine_MaterialFunctions01/Opacity/CameraDepthFade.uasset" 0
"../../../Engine/Content/EngineMaterials/T_Default_Material_Grid_M.uasset" 1
"../../../Engine/Content/EngineMaterials/T_Default_Material_Grid_N.uasset" 2
"../../../Engine/Content/EngineMaterials/DefaultMaterial.uasset" 3
"../../../Engine/Content/BasicShapes/Cone.uasset" 4
"../../../Engine/Content/BasicShapes/Cylinder.uasset" 5
"../../../Engine/Content/EngineMaterials/WorldGridMaterial.uasset" 6
"../../../Engine/Content/BasicShapes/Plane.uasset" 7
"../../../Engine/Content/BasicShapes/Sphere.uasset" 8
"../../../Engine/Content/EditorLandscapeResources/DataLayer.uasset" 9
"../../../Engine/Content/EditorMaterials/GizmoMaterial.uasset" 10
"../../../Engine/Content/EditorMaterials/MAT_Groups_Toggle.uasset" 11
"../../../Engine/Content/EditorMaterials/MAT_Groups_Visibility.uasset" 12
"../../../Engine/Content/EditorMaterials/PreviewShadowIndicator.uasset" 13
"../../../Engine/Content/EditorMaterials/PreviewShadowIndicatorMaterial.uasset" 14
"../../../Engine/Content/EditorMaterials/MatineeGroups/MAT_ColorTrack.uasset" 15
"../../../Engine/Content/EditorMaterials/MatineeGroups/MAT_Groups_Anim.uasset" 16
"../../../Engine/Content/EditorMaterials/MatineeGroups/MAT_Groups_AudioMaster.uasset" 17
"../../../Engine/Content/EditorMaterials/MatineeGroups/MAT_Groups_Director.uasset" 18
"../../../Engine/Content/EditorMaterials/MatineeGroups/MAT_Groups_Event.uasset" 19
"../../../Engine/Content/EditorMaterials/MatineeGroups/MAT_Groups_Fade.uasset" 20
"../../../Engine/Content/EditorMaterials/MatineeGroups/MAT_Groups_Float.uasset" 21
"../../../Engine/Content/EditorMaterials/MatineeGroups/MAT_Groups_Move.uasset" 22
"../../../Engine/Content/EditorMaterials/MatineeGroups/MAT_Groups_Slomo.uasset" 23
"../../../Engine/Content/EditorMaterials/MatineeGroups/MAT_Groups_Sound.uasset" 24
"../../../Engine/Content/EditorMaterials/MatineeGroups/MAT_Groups_Vector.uasset" 25
"../../../Engine/Content/EditorMaterials/ParticleSystems/PSysThumbnail_NoImage.uasset" 26
"../../../Engine/Content/EditorMaterials/ParticleSystems/PSysThumbnail_OOD.uasset" 27
"../../../Engine/Content/EditorMaterials/Camera/CineMat.uasset" 28
"../../../Engine/Content/EditorMaterials/Camera/MI_CineMat_Rig.uasset" 29
"../../../Engine/Content/EditorMeshes/Camera/SM_CraneRig_Arm.uasset" 30
"../../../Engine/Content/EditorMeshes/Camera/SM_CraneRig_Base.uasset" 31
"../../../Engine/Content/EditorMeshes/Camera/SM_CraneRig_Body.uasset" 32
"../../../Engine/Content/EditorMeshes/Camera/SM_CraneRig_Mount.uasset" 33
"../../../Engine/Content/EditorMeshes/Camera/SM_RailRig_Mount.uasset" 34
"../../../Engine/Content/EditorMeshes/Camera/SM_RailRig_Track.uasset" 35
"../../../Engine/Content/EditorMeshes/ColorCalibrator/M_ChromeBall.uasset" 36
"../../../Engine/Content/EditorMeshes/ColorCalibrator/M_ClearCoat.uasset" 37
"../../../Engine/Content/EditorMeshes/ColorCalibrator/M_ClearCoatBlack.uasset" 38
"../../../Engine/Content/EditorMeshes/ColorCalibrator/Color_checker.uasset" 39
"../../../Engine/Content/EditorMeshes/ColorCalibrator/M_ColorGrid.uasset" 40
"../../../Engine/Content/EditorMeshes/ColorCalibrator/M_GreyBall.uasset" 41
"../../../Engine/Content/EditorMeshes/ColorCalibrator/SM_ColorCalibrator.uasset" 42
"../../../Engine/Content/EditorResources/BSPVertex.uasset" 43
"../../../Engine/Content/EditorResources/EmptyActor.uasset" 44
"../../../Engine/Content/EditorResources/S_Actor.uasset" 45
"../../../Engine/Content/EditorResources/S_Trigger.uasset" 46
"../../../Engine/Content/EditorResources/LightIcons/S_LightError.uasset" 47
"../../../Engine/Content/EditorResources/SequenceRecorder/Countdown.uasset" 48
"../../../Engine/Content/EditorResources/SequenceRecorder/RecordingIndicator.uasset" 49
"../../../Engine/Content/EditorSounds/Notifications/CompileFailed.uasset" 50
"../../../Engine/Content/EditorSounds/Notifications/CompileFailed_Cue.uasset" 51
"../../../Engine/Content/EditorSounds/Notifications/CompileSuccess.uasset" 52
"../../../Engine/Content/EditorSounds/Notifications/CompileStart_Cue.uasset" 53
"../../../Engine/Content/EditorSounds/Notifications/CompileSuccess_Cue.uasset" 54
"../../../Engine/Content/EngineDamageTypes/DmgTypeBP_Environmental.uasset" 55
"../../../Engine/Content/EngineDebugMaterials/HeatmapGradient.uasset" 56
"../../../Engine/Content/EngineDebugMaterials/BoneWeightMaterial.uasset" 57
"../../../Engine/Content/EngineDebugMaterials/ClothMaterial.uasset" 58
"../../../Engine/Content/EngineDebugMaterials/ClothMaterial_WF.uasset" 59
"../../../Engine/Content/EngineDebugMaterials/DebugEditorMaterial.uasset" 60
"../../../Engine/Content/EngineDebugMaterials/DebugMeshMaterial.uasset" 61
"../../../Engine/Content/EngineDebugMaterials/GeomMaterial.uasset" 62
"../../../Engine/Content/EngineFonts/Faces/RobotoBold.uasset" 63
"../../../Engine/Content/EngineFonts/Faces/RobotoBoldItalic.uasset" 64
"../../../Engine/Content/EngineFonts/Faces/RobotoItalic.uasset" 65
"../../../Engine/Content/EngineFonts/Faces/RobotoLight.uasset" 66
"../../../Engine/Content/EngineFonts/Faces/RobotoRegular.uasset" 67
"../../../Engine/Content/EngineFonts/Roboto.uasset" 68
"../../../Engine/Content/EngineFonts/Faces/RobotoTiny.uasset" 69
"../../../Engine/Content/EngineFonts/RobotoTiny.uasset" 70
"../../../Engine/Content/EngineMaterials/DefaultBloomKernel.uasset" 71
"../../../Engine/Content/EngineMaterials/DefaultBokeh.uasset" 72
"../../../Engine/Content/EngineMaterials/DefaultDiffuse.uasset" 73
"../../../Engine/Content/EngineMaterials/DefaultDeferredDecalMaterial.uasset" 74
"../../../Engine/Content/EngineMaterials/DefaultLightFunctionMaterial.uasset" 75
"../../../Engine/Content/Functions/Engine_MaterialFunctions02/Utility/BreakOutFloat2Components.uasset" 76
"../../../Engine/Content/EngineMaterials/DefaultPostProcessMaterial.uasset" 77
"../../../Engine/Content/EngineFonts/RobotoDistanceField.uasset" 78
"../../../Engine/Content/EngineMaterials/DefaultTextMaterialOpaque.uasset" 79
"../../../Engine/Content/EngineMaterials/DefaultWhiteGrid.uasset" 80
"../../../Engine/Content/EngineMaterials/EditorBrushMaterial.uasset" 81
"../../../Engine/Content/EngineMaterials/Good64x64TilingNoiseHighFreq.uasset" 82
"../../../Engine/Content/EngineMaterials/MiniFont.uasset" 83
"../../../Engine/Content/EngineMaterials/InvalidLightmapSettings.uasset" 84
"../../../Engine/Content/EngineMaterials/M_InvalidLightmapSettings.uasset" 85
"../../../Engine/Content/Functions/Engine_MaterialFunctions02/WorldPositionOffset/CameraOffset.uasset" 86
"../../../Engine/Content/EngineMaterials/PhAT_JointLimitMaterial.uasset" 87
"../../../Engine/Content/EngineMaterials/PreintegratedSkinBRDF.uasset" 88
"../../../Engine/Content/EngineMaterials/RemoveSurfaceMaterial.uasset" 89
"../../../Engine/Content/EngineMaterials/WeightMapPlaceholderTexture.uasset" 90
"../../../Engine/Content/EngineResources/WhiteSquareTexture.uasset" 91
"../../../Engine/Content/EngineMaterials/Widget3DPassThrough.uasset" 92
"../../../Engine/Content/EngineMaterials/Widget3DPassThrough_Masked.uasset" 93
"../../../Engine/Content/EngineMaterials/Widget3DPassThrough_Opaque.uasset" 94
"../../../Engine/Content/EngineMaterials/Widget3DPassThrough_Masked_OneSided.uasset" 95
"../../../Engine/Content/EngineMaterials/Widget3DPassThrough_Opaque_OneSided.uasset" 96
"../../../Engine/Content/EngineMaterials/Widget3DPassThrough_Translucent.uasset" 97
"../../../Engine/Content/EngineMaterials/Widget3DPassThrough_Translucent_OneSided.uasset" 98
"../../../Engine/Content/EngineMeshes/Cube.uasset" 99
"../../../Engine/Content/EngineMeshes/Cylinder.uasset" 100
"../../../Engine/Content/EngineMeshes/Sphere.uasset" 101
"../../../Engine/Content/EngineResources/Black.uasset" 102
"../../../Engine/Content/EngineResources/DefaultTexture.uasset" 103
"../../../Engine/Content/EngineResources/DefaultTextureCube.uasset" 104
"../../../Engine/Content/EngineResources/GradientTexture0.uasset" 105
"../../../Engine/Content/EngineSounds/Master.uasset" 106
"../../../Engine/Content/Functions/Engine_MaterialFunctions01/Shading/ConvertFromDiffSpec.uasset" 107
"../../../Engine/Content/Functions/Engine_MaterialFunctions01/Shading/PowerToRoughness.uasset" 108
"../../../Engine/Content/Maps/Templates/Thumbnails/Default.uasset" 109
"../../../Engine/Content/Maps/Templates/Thumbnails/VR-Basic.uasset" 110
"../../../Engine/Content/MobileResources/T_MobileControls_texture.uasset" 111
"../../../Engine/Content/MobileResources/T_MobileMenu2.uasset" 112
"../../../Engine/Content/MobileResources/HUD/AnalogHat.uasset" 113
"../../../Engine/Content/MobileResources/HUD/VirtualJoystick_Background.uasset" 114
"../../../Engine/Content/MobileResources/HUD/VirtualJoystick_Thumb.uasset" 115
"../../../Engine/Content/MobileResources/HUD/DefaultVirtualJoysticks.uasset" 116
"../../../Engine/Content/MobileResources/HUD/LeftVirtualJoystickOnly.uasset" 117
"../../../Engine/Content/MobileResources/HUD/MobileHUDButton1_off.uasset" 118
"../../../Engine/Content/MobileResources/HUD/MobileHUDButton1_on.uasset" 119
"../../../Engine/Content/MobileResources/HUD/MobileHUDButton2_off.uasset" 120
"../../../Engine/Content/MobileResources/HUD/MobileHUDButton2_on.uasset" 121
"../../../Engine/Content/MobileResources/HUD/MobileHUDButton3.uasset" 122
"../../../Engine/Content/MobileResources/HUD/MobileHUDButtonFire.uasset" 123
"../../../Engine/Content/MobileResources/HUD/MobileHUDDirectionPad.uasset" 124
"../../../Engine/Content/MobileResources/HUD/MobileHUDDirectionPad2.uasset" 125
"../../../Engine/Content/MobileResources/HUD/MobileHUDDirectionPad3.uasset" 126
"../../../Engine/Content/MobileResources/HUD/MobileHUDDirectionStick.uasset" 127
"../../../Engine/Content/MobileResources/HUD/T_Castle_ThumbstickInner.uasset" 128
"../../../Engine/Content/MobileResources/HUD/T_Castle_ThumbstickOutter.uasset" 129
"../../../Engine/Content/Tutorial/ContentIntroCurve.uasset" 130
"../../../Engine/Content/Tutorial/Basics/TutorialAssets/icon_tab_Levels_40x.uasset" 131
"../../../Engine/Content/Tutorial/BlueprintTutorials/TutorialAssets/BlueprintInterface_64x.uasset" 132
"../../../Engine/Content/Tutorial/BlueprintTutorials/TutorialAssets/BlueprintMacroLibrary_64x.uasset" 133
"../../../Engine/Content/Tutorial/BlueprintTutorials/TutorialAssets/Blueprint_64x.uasset" 134
"../../../Engine/Content/Tutorial/BlueprintTutorials/TutorialAssets/Tutorial_BP_Interface.uasset" 135
"../../../Engine/Content/Tutorial/Foliage/TutorialAssets/Foliage.uasset" 136
"../../../Engine/Content/Tutorial/Landscape/TutorialAssets/Landscape.uasset" 137
"../../../Engine/Content/Tutorial/Paper2D/TutorialAssets/Paper2DFlipbook_TutorialIcon.uasset" 138
"../../../Engine/Content/Tutorial/Paper2D/TutorialAssets/Paper2DSprite_TutorialIcon.uasset" 139
"../../../Engine/Content/Tutorial/SubEditors/TutorialAssets/icon_Editor_Preferences_General_40x.uasset" 140
"../../../Engine/Content/Tutorial/SubEditors/TutorialAssets/icon_ShowSkeletalMeshes_40x.uasset" 141
"../../../Engine/Content/Tutorial/SubEditors/TutorialAssets/TutorialMaterial.uasset" 142
"../../../Engine/Content/Tutorial/SubEditors/TutorialAssets/T_SmokeSubUV_8X8.uasset" 143
"../../../Engine/Content/Tutorial/SubEditors/TutorialAssets/T_soft_smoke.uasset" 144
"../../../Engine/Content/Tutorial/SubEditors/TutorialAssets/M_smoke_subUV_blackbody.uasset" 145
"../../../Engine/Content/Tutorial/SubEditors/TutorialAssets/TutorialParticleSystem.uasset" 146
"../../../Engine/Content/VREditor/Devices/Generic/GenericHMDMaterial.uasset" 147
"../../../Engine/Content/VREditor/Devices/Generic/GenericHMD.uasset" 148
"../../../Engine/Content/VREditor/FloatingText/LineMaterial.uasset" 149
"../../../Engine/Content/VREditor/FloatingText/JointSphere.uasset" 150
"../../../Engine/Content/VREditor/FloatingText/LineSegmentCylinder.uasset" 151
"../../../Engine/Content/VREditor/Fonts/VRText_RobotoLarge.uasset" 152
"../../../Engine/Content/VREditor/Fonts/VRTextMaterial.uasset" 153
"../../../Engine/Content/VREditor/Fonts/TranslucentVRTextMaterial.uasset" 154
"../../../Engine/Content/VREditor/LaserPointer/CursorPointer.uasset" 155
"../../../Engine/Content/VREditor/LaserPointer/VR_LaserPower_01.uasset" 156
"../../../Engine/Content/VREditor/TransformGizmo/TransformGizmoMaterial.uasset" 157
"../../../Engine/Content/VREditor/LaserPointer/HoverMaterial.uasset" 158
"../../../Engine/Content/VREditor/TransformGizmo/TranslucentTransformGizmoMaterial.uasset" 159
"../../../Engine/Content/VREditor/LaserPointer/TranslucentHoverMaterial.uasset" 160
"../../../Engine/Content/VREditor/LaserPointer/HoverMesh.uasset" 161
"../../../Engine/Content/VREditor/LaserPointer/LaserPointerMaterial.uasset" 162
"../../../Engine/Content/VREditor/LaserPointer/LaserPointerMaterialInst.uasset" 163
"../../../Engine/Content/VREditor/LaserPointer/TranslucentLaserPointerMaterialInst.uasset" 164
"../../../Engine/Content/VREditor/LaserPointer/LaserPointerMesh.uasset" 165
"../../../Engine/Content/VREditor/LaserPointer/LaserPointerMesh_End.uasset" 166
"../../../Engine/Content/VREditor/LaserPointer/LaserPointerMesh_Start.uasset" 167
"../../../Engine/Content/Functions/Engine_MaterialFunctions02/Utility/BreakOutFloat3Components.uasset" 168
"../../../Engine/Content/Functions/Engine_MaterialFunctions02/Math/Transform3x3Matrix.uasset" 169
"../../../Engine/Content/Functions/Engine_MaterialFunctions02/SplitComponents.uasset" 170
"../../../Engine/Content/Functions/Engine_MaterialFunctions02/Utility/MakeFloat3.uasset" 171
"../../../Engine/Content/VREditor/SnapGrid/SnapGridMaterial.uasset" 172
"../../../Engine/Content/VREditor/SnapGrid/SnapGridPlaneMesh.uasset" 173
"../../../Engine/Content/VREditor/Sounds/VR_teleport.uasset" 174
"../../../Engine/Content/VREditor/Sounds/UI/Click_on_Button_Cue.uasset" 175
"../../../Engine/Content/VREditor/Sounds/UI/Dockable_Window_Close.uasset" 176
"../../../Engine/Content/VREditor/Sounds/UI/Dockable_Window_Drop.uasset" 177
"../../../Engine/Content/VREditor/Sounds/UI/Dockable_Window_Open.uasset" 178
"../../../Engine/Content/VREditor/Sounds/UI/Dockable_Window_Pick_Up.uasset" 179
"../../../Engine/Content/VREditor/Sounds/UI/Drop_Item_From_ContentBrowser.uasset" 180
"../../../Engine/Content/VREditor/Sounds/UI/Floating_UI_Open-001.uasset" 181
"../../../Engine/Content/VREditor/Sounds/UI/Gizmo_Handle_Clicked.uasset" 182
"../../../Engine/Content/VREditor/Sounds/UI/Object_PickUp.uasset" 183
"../../../Engine/Content/VREditor/Sounds/UI/Object_Snaps_To_Another_Actor.uasset" 184
"../../../Engine/Content/VREditor/Sounds/UI/Object_Snaps_To_Grid.uasset" 185
"../../../Engine/Content/VREditor/Sounds/UI/Radial_Menu_FadeOut.uasset" 186
"../../../Engine/Content/VREditor/Sounds/UI/Scaling_Down.uasset" 187
"../../../Engine/Content/VREditor/Sounds/UI/Scaling_Up.uasset" 188
"../../../Engine/Content/VREditor/Sounds/UI/Selection_Changes.uasset" 189
"../../../Engine/Content/VREditor/Sounds/UI/Teleport_Mode_Entered.uasset" 190
"../../../Engine/Content/VREditor/Teleport/TeleportDirectionMaterial.uasset" 191
"../../../Engine/Content/VREditor/Teleport/TeleportDirectionMaterial_Inst.uasset" 192
"../../../Engine/Content/VREditor/Teleport/TeleportDirectionMesh.uasset" 193
"../../../Engine/Content/VREditor/TransformGizmo/BoundingBoxCorner.uasset" 194
"../../../Engine/Content/VREditor/TransformGizmo/BoundingBoxEdge.uasset" 195
"../../../Engine/Content/VREditor/TransformGizmo/PlaneTranslationHandle.uasset" 196
"../../../Engine/Content/VREditor/TransformGizmo/RotationHandleFull.uasset" 197
"../../../Engine/Content/VREditor/TransformGizmo/RotationHandleIndicator.uasset" 198
"../../../Engine/Content/VREditor/TransformGizmo/RotationHandleQuarter.uasset" 199
"../../../Engine/Content/VREditor/TransformGizmo/Main.uasset" 200
"../../../Engine/Content/VREditor/TransformGizmo/Xray.uasset" 201
"../../../Engine/Content/VREditor/TransformGizmo/SM_Dialog_Close.uasset" 202
"../../../Engine/Content/VREditor/TransformGizmo/SM_Dialog_Move.uasset" 203
"../../../Engine/Content/VREditor/TransformGizmo/SM_Sequencer_Key.uasset" 204
"../../../Engine/Content/VREditor/TransformGizmo/SM_Sequencer_Node.uasset" 205
"../../../Engine/Content/VREditor/TransformGizmo/StartRotationHandleIndicator.uasset" 206
"../../../Engine/Content/VREditor/TransformGizmo/TranslucentTransformGizmoMaterial_Inst.uasset" 207
"../../../Engine/Content/VREditor/TransformGizmo/TransformGizmoFreeRotation.uasset" 208
"../../../Engine/Content/VREditor/TransformGizmo/TransformGizmoMaterial_Inst.uasset" 209
"../../../Engine/Content/VREditor/TransformGizmo/TranslateArrowHandle.uasset" 210
"../../../Engine/Content/VREditor/TransformGizmo/UniformScaleHandle.uasset" 211
"../../../Engine/Content/VREditor/UI/KeyDiskMaterial.uasset" 212
"../../../Engine/Content/VREditor/UI/DiscMaterial.uasset" 213
"../../../Engine/Content/VREditor/UI/SM_Radial_Disk.uasset" 214
"../../../Engine/Content/Functions/Engine_MaterialFunctions01/Gradient/RadialGradient.uasset" 215
"../../../Engine/Content/VREditor/WorldMovementGrid/SimpleGrid.uasset" 216
"../../../Engine/Content/VREditor/WorldMovementGrid/GridMaterial.uasset" 217
"../../../Engine/Content/Functions/Engine_MaterialFunctions01/Density/ExponentialDensity.uasset" 218
"../../../Engine/Content/VREditor/WorldMovementGrid/GridPostProcess.uasset" 219
"../../../Engine/Content/EditorLandscapeResources/FlattenHeightMat.uasset" 220
"../../../Engine/Content/VREditor/WorldMovementGrid/PlaneMesh.uasset" 221
"../../../Engine/Plugins/2D/Paper2D/Content/PlaceholderTextures/DummySpriteTexture.uasset" 222
"../../../Engine/Plugins/2D/Paper2D/Content/DummySprite.uasset" 223
"../../../Engine/Plugins/2D/Paper2D/Content/DefaultPaperTerrainMaterial.uasset" 224
"../../../Engine/Plugins/2D/Paper2D/Content/DefaultSpriteMaterial.uasset" 225
"../../../Engine/Plugins/2D/Paper2D/Content/MaskedUnlitSpriteMaterial.uasset" 226
"../../../Engine/Plugins/2D/Paper2D/Content/OpaqueUnlitSpriteMaterial.uasset" 227
"../../../Engine/Plugins/Media/MediaCompositing/Content/DefaultMediaPlaneMaterial.uasset" 228
"../../../Engine/Content/Functions/Engine_MaterialFunctions02/Utility/MakeFloat4.uasset" 229
"../../../Engine/Plugins/Runtime/AppleARKit/Content/ARKitCameraMaterial.uasset" 230
"../../../Engine/Plugins/Runtime/Oculus/OculusVR/Content/Textures/GearVRController_AO.uasset" 231
"../../../Engine/Plugins/Runtime/Oculus/OculusVR/Content/Textures/GearVRController_Color.uasset" 232
"../../../Engine/Plugins/Runtime/Oculus/OculusVR/Content/Textures/GearVRController_Normal.uasset" 233
"../../../Engine/Plugins/Runtime/Oculus/OculusVR/Content/Materials/GearVRControllerMaterial.uasset" 234
"../../../Engine/Plugins/Runtime/Oculus/OculusVR/Content/Meshes/GearVrController.uasset" 235
"../../../Engine/Content/EditorBlueprintResources/StandardMacros.uasset" 236
"../../../Engine/Content/EngineSky/C_Sky_Cloud_Color.uasset" 237
"../../../Engine/Content/EngineSky/C_Sky_Horizon_Color.uasset" 238
"../../../Engine/Content/EngineSky/C_Sky_Zenith_Color.uasset" 239
"../../../Engine/Content/EngineSky/T_Sky_Blue.uasset" 240
"../../../Engine/Content/EngineSky/T_Sky_Clouds_M.uasset" 241
"../../../Engine/Content/EngineSky/T_Sky_Stars.uasset" 242
"../../../Engine/Content/EngineSky/M_Sky_Panning_Clouds2.uasset" 243
"../../../Engine/Content/EngineSky/SM_SkySphere.uasset" 244
"../../../Engine/Content/EngineSky/BP_Sky_Sphere.uasset" 245
"../../../Engine/Content/MapTemplates/SM_Template_Map_Floor.uasset" 246
"../../../TheDeadlySnowballs/Content/COSSETTE/Textures/game-background.uasset" 247
"../../../TheDeadlySnowballs/Content/COSSETTE/Textures/quit-gameoriginal.uasset" 248
"../../../TheDeadlySnowballs/Content/COSSETTE/Textures/quit-gamepress.uasset" 249
"../../../TheDeadlySnowballs/Content/COSSETTE/Textures/quit-gameunpress.uasset" 250
"../../../TheDeadlySnowballs/Content/COSSETTE/Textures/start-gameoriginal.uasset" 251
"../../../TheDeadlySnowballs/Content/COSSETTE/Textures/start-gamePRESS.uasset" 252
"../../../TheDeadlySnowballs/Content/COSSETTE/Textures/start-gameunpress.uasset" 253
"../../../TheDeadlySnowballs/Content/COSSETTE/Blueprints/MainMenuWidgetBP.uasset" 254
"../../../TheDeadlySnowballs/Content/COSSETTE/Blueprints/MainMenuLevelBP.umap" 255
"../../../TheDeadlySnowballs/Content/COSSETTE/Blueprints/MainMenuLevelBP1.umap" 256
"../../../TheDeadlySnowballs/Content/COSSETTE/Maps/MainMenuLevelBP.umap" 257
"../../../TheDeadlySnowballs/Content/COSSETTE/Maps/MainMenuLevelBP1.umap" 258
"../../../TheDeadlySnowballs/Content/COSSETTE/Maps/Practice_BuiltData.uasset" 259
"../../../TheDeadlySnowballs/Content/COSSETTE/Maps/Practice.umap" 260
"../../../TheDeadlySnowballs/Content/COSSETTE/Blueprints/Controller.uasset" 261
"../../../TheDeadlySnowballs/Content/COSSETTE/Blueprints/Mode.uasset" 262
"../../../Engine/Content/BasicShapes/BasicShapeMaterial.uasset" 263
"../../../Engine/Content/BasicShapes/Cube.uasset" 264
"../../../TheDeadlySnowballs/Content/COSSETTE/Blueprints/Dead.uasset" 265
"../../../TheDeadlySnowballs/Content/COSSETTE/Maps/PracticeLevel.umap" 266
"../../../TheDeadlySnowballs/Content/COSSETTE/Wave1/MainMenuLevelBP.umap" 267
"../../../TheDeadlySnowballs/Content/COSSETTE/Wave1/MainMenuLevelBP1.umap" 268
"../../../TheDeadlySnowballs/Content/COSSETTE/Wave2/MainMenuLevelBP.umap" 269
"../../../TheDeadlySnowballs/Content/COSSETTE/Wave2/MainMenuLevelBP1.umap" 270
"../../../TheDeadlySnowballs/Content/COSSETTE/Wave3/MainMenuLevelBP.umap" 271
"../../../TheDeadlySnowballs/Content/COSSETTE/Wave3/MainMenuLevelBP1.umap" 272
"../../../TheDeadlySnowballs/Content/COSSETTE/Wave4/MainMenuLevelBP.umap" 273
"../../../TheDeadlySnowballs/Content/COSSETTE/Wave4/MainMenuLevelBP1.umap" 274
"../../../TheDeadlySnowballs/Content/JERIC/Levels/FrozenLevel_BuiltData.uasset" 275
"../../../TheDeadlySnowballs/Content/JERIC/Materials/texture_149_by_sirius_sdz.uasset" 276
"../../../TheDeadlySnowballs/Content/JERIC/Materials/3.uasset" 277
"../../../TheDeadlySnowballs/Content/JERIC/Materials/colo1white.uasset" 278
"../../../TheDeadlySnowballs/Content/JERIC/Materials/colorwhite1.uasset" 279
"../../../Engine/Content/EngineMaterials/DefaultPhysicalMaterial.uasset" 280
"../../../TheDeadlySnowballs/Content/COSSETTE/Blueprints/Wave2.uasset" 281
"../../../TheDeadlySnowballs/Content/JERIC/Portals/blast_Mat.uasset" 282
"../../../Engine/Content/Functions/Engine_MaterialFunctions01/Gradient/LinearGradient.uasset" 283
"../../../Engine/Content/Functions/Engine_MaterialFunctions01/Gradient/DiamondGradient.uasset" 284
"../../../TheDeadlySnowballs/Content/JERIC/Portals/Diamond.uasset" 285
"../../../Engine/Content/Functions/Engine_MaterialFunctions01/Gradient/RadialGradientExponential.uasset" 286
"../../../TheDeadlySnowballs/Content/JERIC/Portals/Dot2.uasset" 287
"../../../TheDeadlySnowballs/Content/JERIC/Portals/Smoke1.uasset" 288
"../../../TheDeadlySnowballs/Content/JERIC/Portals/Portal.uasset" 289
"../../../TheDeadlySnowballs/Content/neil/IceMountain__1__IceMountain_BaseColor.uasset" 290
"../../../TheDeadlySnowballs/Content/neil/IceMountain__1__IceMountain_Normal.uasset" 291
"../../../TheDeadlySnowballs/Content/neil/IceMountain__1__IceMountain_OcclusionRoughnessMetallic.uasset" 292
"../../../TheDeadlySnowballs/Content/neil/IceMountain.uasset" 293
"../../../TheDeadlySnowballs/Content/neil/IceMountain__1_.uasset" 294
"../../../TheDeadlySnowballs/Content/neil/SnowMan_Arms_BaseColor.uasset" 295
"../../../TheDeadlySnowballs/Content/neil/SnowMan_Arms_Normal.uasset" 296
"../../../TheDeadlySnowballs/Content/neil/SnowMan_Arms_OcclusionRoughnessMetallic.uasset" 297
"../../../TheDeadlySnowballs/Content/neil/Arms.uasset" 298
"../../../TheDeadlySnowballs/Content/neil/SnowMan_Hat_BaseColor.uasset" 299
"../../../TheDeadlySnowballs/Content/neil/SnowMan_Hat_Normal.uasset" 300
"../../../TheDeadlySnowballs/Content/neil/SnowMan_Hat_OcclusionRoughnessMetallic.uasset" 301
"../../../TheDeadlySnowballs/Content/neil/Hat.uasset" 302
"../../../TheDeadlySnowballs/Content/neil/SnowMan_Nose_BaseColor.uasset" 303
"../../../TheDeadlySnowballs/Content/neil/SnowMan_Nose_Normal.uasset" 304
"../../../TheDeadlySnowballs/Content/neil/SnowMan_Nose_OcclusionRoughnessMetallic.uasset" 305
"../../../TheDeadlySnowballs/Content/neil/Nose.uasset" 306
"../../../TheDeadlySnowballs/Content/neil/SnowMan_SnowBody_BaseColor.uasset" 307
"../../../TheDeadlySnowballs/Content/neil/SnowMan_SnowBody_Normal.uasset" 308
"../../../TheDeadlySnowballs/Content/neil/SnowMan_SnowBody_OcclusionRoughnessMetallic.uasset" 309
"../../../TheDeadlySnowballs/Content/neil/SnowBody.uasset" 310
"../../../TheDeadlySnowballs/Content/neil/SnowMan_Stone_BaseColor.uasset" 311
"../../../TheDeadlySnowballs/Content/neil/SnowMan_Stone_Normal.uasset" 312
"../../../TheDeadlySnowballs/Content/neil/SnowMan_Stone_OcclusionRoughnessMetallic.uasset" 313
"../../../TheDeadlySnowballs/Content/neil/Stone.uasset" 314
"../../../TheDeadlySnowballs/Content/neil/SnowMan.uasset" 315
"../../../TheDeadlySnowballs/Content/JERIC/Levels/FrozenLevel.umap" 316
"../../../TheDeadlySnowballs/Content/neil/SnowSpikes_SnowSpikes_BaseColor.uasset" 317
"../../../TheDeadlySnowballs/Content/neil/SnowSpikes_SnowSpikes_Normal.uasset" 318
"../../../TheDeadlySnowballs/Content/neil/SnowSpikes_SnowSpikes_OcclusionRoughnessMetallic.uasset" 319
"../../../TheDeadlySnowballs/Content/neil/SnowSpikes.uasset" 320
"../../../TheDeadlySnowballs/Content/COSSETTE/Blueprints/MovingSpikeWave1.uasset" 321
"../../../TheDeadlySnowballs/Content/COSSETTE/Wave1/MovingSpikeWave1.uasset" 322
"../../../TheDeadlySnowballs/Content/COSSETTE/Wave2/MovingSpikeWave2.uasset" 323
"../../../TheDeadlySnowballs/Content/JERIC/Levels/Wave1Level.umap" 324
"../../../TheDeadlySnowballs/Content/COSSETTE/Wave2/MovingSpike.uasset" 325
"../../../TheDeadlySnowballs/Content/JERIC/Levels/Wave2Level_BuiltData.uasset" 326
"../../../TheDeadlySnowballs/Content/JERIC/Levels/Wave2Level.umap" 327
"../../../TheDeadlySnowballs/Content/COSSETTE/Wave3/MovingSpikeWave3.uasset" 328
"../../../TheDeadlySnowballs/Content/JERIC/Levels/Wave3Level_BuiltData.uasset" 329
"../../../TheDeadlySnowballs/Content/JERIC/Levels/Wave3Level.umap" 330
"../../../TheDeadlySnowballs/Content/COSSETTE/Wave4/MovingSpikeWave4.uasset" 331
"../../../TheDeadlySnowballs/Content/JERIC/Levels/Wave4Level.umap" 332
"../../../TheDeadlySnowballs/Content/neil/NewMap_BuiltData.uasset" 333
"../../../TheDeadlySnowballs/Content/neil/NewMap.umap" 334
"../../../TheDeadlySnowballs/Content/neil/NewMap1_BuiltData.uasset" 335
"../../../TheDeadlySnowballs/Content/neil/NewMap1.umap" 336
"../../../TheDeadlySnowballs/Content/neil/NewMap2_BuiltData.uasset" 337
"../../../TheDeadlySnowballs/Content/neil/2Spikes3_Spikes5_BaseColor.uasset" 338
"../../../TheDeadlySnowballs/Content/neil/2Spikes3_Spikes5_Normal.uasset" 339
"../../../TheDeadlySnowballs/Content/neil/2Spikes3_Spikes5_OcclusionRoughnessMetallic.uasset" 340
"../../../TheDeadlySnowballs/Content/neil/Spikes5.uasset" 341
"../../../TheDeadlySnowballs/Content/neil/2Spikes3_Spikes6_BaseColor.uasset" 342
"../../../TheDeadlySnowballs/Content/neil/2Spikes3_Spikes6_Normal.uasset" 343
"../../../TheDeadlySnowballs/Content/neil/2Spikes3_Spikes6_OcclusionRoughnessMetallic.uasset" 344
"../../../TheDeadlySnowballs/Content/neil/Spikes6.uasset" 345
"../../../TheDeadlySnowballs/Content/neil/2Spikes.uasset" 346
"../../../TheDeadlySnowballs/Content/neil/SnowSpikes1.uasset" 347
"../../../TheDeadlySnowballs/Content/neil/SnowSpikesBoss__1__SnowSpikesBoss_BaseColor.uasset" 348
"../../../TheDeadlySnowballs/Content/neil/SnowSpikesBoss__1__SnowSpikesBoss_Normal.uasset" 349
"../../../TheDeadlySnowballs/Content/neil/SnowSpikesBoss__1__SnowSpikesBoss_OcclusionRoughnessMetallic.uasset" 350
"../../../TheDeadlySnowballs/Content/neil/SnowSpikesBoss.uasset" 351
"../../../TheDeadlySnowballs/Content/neil/SnowSpikesBoss__1__SpikeBoss2_BaseColor.uasset" 352
"../../../TheDeadlySnowballs/Content/neil/SnowSpikesBoss__1__SpikeBoss2_Normal.uasset" 353
"../../../TheDeadlySnowballs/Content/neil/SnowSpikesBoss__1__SpikeBoss2_OcclusionRoughnessMetallic.uasset" 354
"../../../TheDeadlySnowballs/Content/neil/SpikeBoss2.uasset" 355
"../../../TheDeadlySnowballs/Content/neil/SnowSpikesBoss__1_.uasset" 356
"../../../TheDeadlySnowballs/Content/neil/Spikes3_Spikes5_BaseColor.uasset" 357
"../../../TheDeadlySnowballs/Content/neil/Spikes3_Spikes5_Normal.uasset" 358
"../../../TheDeadlySnowballs/Content/neil/Spikes3_Spikes5_OcclusionRoughnessMetallic.uasset" 359
"../../../TheDeadlySnowballs/Content/neil/Spikes3.uasset" 360
"../../../TheDeadlySnowballs/Content/neil/Spikes3_Spikes6_BaseColor.uasset" 361
"../../../TheDeadlySnowballs/Content/neil/Spikes3_Spikes6_Normal.uasset" 362
"../../../TheDeadlySnowballs/Content/neil/Spikes3_Spikes6_OcclusionRoughnessMetallic.uasset" 363
"../../../TheDeadlySnowballs/Content/neil/Spikes4.uasset" 364
"../../../TheDeadlySnowballs/Content/neil/Spikes2.uasset" 365
"../../../TheDeadlySnowballs/Content/neil/NewMap2.umap" 366
"../../../Engine/Content/Maps/Entry.umap" 367
"../../../Engine/Content/Maps/Templates/Template_Default_BuiltData.uasset" 368
"../../../Engine/Content/Maps/Templates/Template_Default.umap" 369
