"../../../Engine/Content/BasicShapes/BasicShapeMaterial.uasset" 0
"../../../TheDeadlySnowballs/Content/NEIL/SnowSpikes_SnowSpikes_BaseColor.uasset" 1
"../../../TheDeadlySnowballs/Content/NEIL/SnowSpikes_SnowSpikes_Normal.uasset" 2
"../../../TheDeadlySnowballs/Content/NEIL/SnowSpikes_SnowSpikes_OcclusionRoughnessMetallic.uasset" 3
"../../../TheDeadlySnowballs/Content/NEIL/SnowSpikes.uasset" 4
"../../../TheDeadlySnowballs/Content/COSSETTE/Blueprints/Actor.uasset" 5
"../../../TheDeadlySnowballs/Content/COSSETTE/Textures/game-background.uasset" 6
"../../../TheDeadlySnowballs/Content/COSSETTE/Textures/quit-gameoriginal.uasset" 7
"../../../TheDeadlySnowballs/Content/COSSETTE/Textures/quit-gamepress.uasset" 8
"../../../TheDeadlySnowballs/Content/COSSETTE/Textures/quit-gameunpress.uasset" 9
"../../../TheDeadlySnowballs/Content/COSSETTE/Textures/start-gameoriginal.uasset" 10
"../../../TheDeadlySnowballs/Content/COSSETTE/Textures/start-gamePRESS.uasset" 11
"../../../TheDeadlySnowballs/Content/COSSETTE/Textures/start-gameunpress.uasset" 12
"../../../TheDeadlySnowballs/Content/COSSETTE/Blueprints/MainMenuBP.uasset" 13
"../../../Engine/Content/Functions/Engine_MaterialFunctions01/Opacity/CameraDepthFade.uasset" 14
"../../../Engine/Content/EngineMaterials/T_Default_Material_Grid_M.uasset" 15
"../../../Engine/Content/EngineMaterials/T_Default_Material_Grid_N.uasset" 16
"../../../Engine/Content/EngineMaterials/WorldGridMaterial.uasset" 17
"../../../Engine/Content/BasicShapes/Cube.uasset" 18
"../../../TheDeadlySnowballs/Content/COSSETTE/Blueprints/NewBlueprint.uasset" 19
"../../../TheDeadlySnowballs/Content/COSSETTE/Blueprints/Portal.uasset" 20
"../../../TheDeadlySnowballs/Content/COSSETTE/Blueprints/Wave2.uasset" 21
"../../../TheDeadlySnowballs/Content/COSSETTE/Maps/PracticeLevel_BuiltData.uasset" 22
"../../../TheDeadlySnowballs/Content/COSSETTE/Textures/optionoriginal.uasset" 23
"../../../TheDeadlySnowballs/Content/COSSETTE/Textures/optionPRESS.uasset" 24
"../../../TheDeadlySnowballs/Content/COSSETTE/Textures/optionunpress.uasset" 25
"../../../TheDeadlySnowballs/Content/COSSETTE/Wave1/Actor.uasset" 26
"../../../TheDeadlySnowballs/Content/COSSETTE/Wave1/Controller.uasset" 27
"../../../TheDeadlySnowballs/Content/COSSETTE/Textures/cartoon-winter-landscape-iceberg-ice-vector-nature-background-games-74671542__3_.uasset" 28
"../../../TheDeadlySnowballs/Content/COSSETTE/Textures/try-again-original.uasset" 29
"../../../TheDeadlySnowballs/Content/COSSETTE/Textures/try-again-press.uasset" 30
"../../../TheDeadlySnowballs/Content/COSSETTE/Textures/try-again-unpress.uasset" 31
"../../../TheDeadlySnowballs/Content/COSSETTE/Wave1/Dead.uasset" 32
"../../../TheDeadlySnowballs/Content/COSSETTE/Wave1/DeadWave1.uasset" 33
"../../../TheDeadlySnowballs/Content/COSSETTE/Wave1/MainMenuBP.uasset" 34
"../../../TheDeadlySnowballs/Content/COSSETTE/Wave1/MainMenuWidgetBP.uasset" 35
"../../../TheDeadlySnowballs/Content/COSSETTE/Blueprints/Controller.uasset" 36
"../../../TheDeadlySnowballs/Content/COSSETTE/Wave1/Mode.uasset" 37
"../../../TheDeadlySnowballs/Content/COSSETTE/Wave1/NewBlueprint.uasset" 38
"../../../TheDeadlySnowballs/Content/COSSETTE/Wave1/Portal.uasset" 39
"../../../TheDeadlySnowballs/Content/COSSETTE/Wave2/Actor.uasset" 40
"../../../TheDeadlySnowballs/Content/COSSETTE/Wave2/Controller.uasset" 41
"../../../TheDeadlySnowballs/Content/COSSETTE/Wave2/DeadWave1.uasset" 42
"../../../TheDeadlySnowballs/Content/COSSETTE/Wave2/DeadWave2.uasset" 43
"../../../TheDeadlySnowballs/Content/COSSETTE/Wave2/DeadWave2wrong.uasset" 44
"../../../TheDeadlySnowballs/Content/COSSETTE/Wave2/Deadwrong.uasset" 45
"../../../TheDeadlySnowballs/Content/COSSETTE/Wave2/MainMenuBP.uasset" 46
"../../../TheDeadlySnowballs/Content/COSSETTE/Wave2/MainMenuWidgetBP.uasset" 47
"../../../TheDeadlySnowballs/Content/COSSETTE/Wave2/Mode.uasset" 48
"../../../TheDeadlySnowballs/Content/COSSETTE/Wave2/NewBlueprint.uasset" 49
"../../../TheDeadlySnowballs/Content/COSSETTE/Wave2/Portal.uasset" 50
"../../../TheDeadlySnowballs/Content/COSSETTE/Textures/CONTINUE.uasset" 51
"../../../TheDeadlySnowballs/Content/COSSETTE/Textures/wave-2-background.uasset" 52
"../../../TheDeadlySnowballs/Content/COSSETTE/Wave2/Wave2.uasset" 53
"../../../TheDeadlySnowballs/Content/COSSETTE/Wave3/Actor.uasset" 54
"../../../TheDeadlySnowballs/Content/COSSETTE/Wave3/Controller.uasset" 55
"../../../TheDeadlySnowballs/Content/COSSETTE/Wave3/Dead.uasset" 56
"../../../TheDeadlySnowballs/Content/COSSETTE/Wave3/DeadWave1.uasset" 57
"../../../TheDeadlySnowballs/Content/COSSETTE/Wave3/MainMenuBP.uasset" 58
"../../../TheDeadlySnowballs/Content/COSSETTE/Wave3/MainMenuWidgetBP.uasset" 59
"../../../TheDeadlySnowballs/Content/COSSETTE/Wave3/Mode.uasset" 60
"../../../TheDeadlySnowballs/Content/COSSETTE/Wave3/MovingSpikeWave1.uasset" 61
"../../../TheDeadlySnowballs/Content/COSSETTE/Wave3/NewBlueprint.uasset" 62
"../../../TheDeadlySnowballs/Content/COSSETTE/Wave3/Portal.uasset" 63
"../../../TheDeadlySnowballs/Content/COSSETTE/Wave4/Actor.uasset" 64
"../../../TheDeadlySnowballs/Content/COSSETTE/Wave4/Controller.uasset" 65
"../../../TheDeadlySnowballs/Content/COSSETTE/Wave4/Dead.uasset" 66
"../../../TheDeadlySnowballs/Content/COSSETTE/Wave4/DeadWave1.uasset" 67
"../../../TheDeadlySnowballs/Content/COSSETTE/Wave4/MainMenuBP.uasset" 68
"../../../TheDeadlySnowballs/Content/COSSETTE/Wave4/MainMenuWidgetBP.uasset" 69
"../../../TheDeadlySnowballs/Content/COSSETTE/Wave4/Mode.uasset" 70
"../../../TheDeadlySnowballs/Content/COSSETTE/Wave4/MovingSpikeWave1.uasset" 71
"../../../TheDeadlySnowballs/Content/COSSETTE/Wave4/NewBlueprint.uasset" 72
"../../../TheDeadlySnowballs/Content/COSSETTE/Wave4/Portal.uasset" 73
"../../../TheDeadlySnowballs/Content/JERIC/Materials/Ice_World_screenshot_01-1920x1080-094ef988f8c131871c6f75ae5a2b200e.uasset" 74
"../../../TheDeadlySnowballs/Content/JERIC/Materials/222.uasset" 75
"../../../TheDeadlySnowballs/Content/JERIC/Materials/TexturesCom_Ice0058_1_M.uasset" 76
"../../../TheDeadlySnowballs/Content/JERIC/Materials/33.uasset" 77
"../../../TheDeadlySnowballs/Content/JERIC/Materials/55.uasset" 78
"../../../TheDeadlySnowballs/Content/JERIC/Materials/TexturesCom_LandscapeMountains0218_1_M.uasset" 79
"../../../TheDeadlySnowballs/Content/JERIC/Materials/TexturesCom_Snow0134_4_seamless_S.uasset" 80
"../../../TheDeadlySnowballs/Content/JERIC/Materials/Blends.uasset" 81
"../../../TheDeadlySnowballs/Content/JERIC/Materials/Ice.uasset" 82
"../../../TheDeadlySnowballs/Content/JERIC/Materials/Ice2.uasset" 83
"../../../TheDeadlySnowballs/Content/JERIC/Materials/IceForTerrain.uasset" 84
"../../../TheDeadlySnowballs/Content/JERIC/Materials/ice_moon_texture_by_arminius1871-d9rwbmo.uasset" 85
"../../../TheDeadlySnowballs/Content/JERIC/Materials/TexturesCom_Ice0059_2_M.uasset" 86
"../../../TheDeadlySnowballs/Content/JERIC/Materials/TexturesCom_LandscapeMountains0218_1_M_Mat.uasset" 87
"../../../TheDeadlySnowballs/Content/JERIC/Materials/texture_149_by_sirius_sdz.uasset" 88
"../../../TheDeadlySnowballs/Content/JERIC/Materials/texture_149_by_sirius_sdz_Mat.uasset" 89
"../../../TheDeadlySnowballs/Content/JERIC/Portals/light.uasset" 90
"../../../TheDeadlySnowballs/Content/JERIC/Portals/bleu.uasset" 91
"../../../TheDeadlySnowballs/Content/JERIC/Portals/blast_Mat.uasset" 92
"../../../TheDeadlySnowballs/Content/JERIC/Portals/Dot.uasset" 93
"../../../TheDeadlySnowballs/Content/NEIL/2snowspikes.uasset" 94
"../../../TheDeadlySnowballs/Content/NEIL/2Spikes_SnowSpikes_OcclusionRoughnessMetallic.uasset" 95
"../../../TheDeadlySnowballs/Content/NEIL/4.uasset" 96
"../../../TheDeadlySnowballs/Content/NEIL/colo1white.uasset" 97
"../../../TheDeadlySnowballs/Content/NEIL/Spikes2_Spikes3_OcclusionRoughnessMetallic.uasset" 98
"../../../TheDeadlySnowballs/Content/NEIL/Spikes2_Spikes4_OcclusionRoughnessMetallic.uasset" 99
"../../../TheDeadlySnowballs/Content/NEIL/Spikes4_Spikes7_BaseColor.uasset" 100
"../../../TheDeadlySnowballs/Content/NEIL/Spikes4_Spikes7_Normal.uasset" 101
"../../../TheDeadlySnowballs/Content/NEIL/Spikes4_Spikes7_OcclusionRoughnessMetallic.uasset" 102
"../../../TheDeadlySnowballs/Content/NEIL/Spikes7.uasset" 103
"../../../TheDeadlySnowballs/Content/NEIL/Spikes4_Spikes8_BaseColor.uasset" 104
"../../../TheDeadlySnowballs/Content/NEIL/Spikes4_Spikes8_Normal.uasset" 105
"../../../TheDeadlySnowballs/Content/NEIL/Spikes4_Spikes8_OcclusionRoughnessMetallic.uasset" 106
"../../../TheDeadlySnowballs/Content/NEIL/Spikes8.uasset" 107
"../../../TheDeadlySnowballs/Content/NEIL/Spikes4_-_Copy.uasset" 108
"../../../TheDeadlySnowballs/Content/snowball2/Spikes_SnowSpikes_OcclusionRoughnessMetallic.uasset" 109
"../../../TheDeadlySnowballs/Content/snowball2/SnowSpikes.uasset" 110
"../../../TheDeadlySnowballs/Content/snowball2/Spikes3_Spikes5_OcclusionRoughnessMetallic.uasset" 111
"../../../TheDeadlySnowballs/Content/snowball2/Spikes3.uasset" 112
"../../../TheDeadlySnowballs/Content/snowball2/Spikes3_Spikes6_OcclusionRoughnessMetallic.uasset" 113
"../../../TheDeadlySnowballs/Content/snowball2/Spikes4.uasset" 114
"../../../TheDeadlySnowballs/Content/snowball2/2Spikes3_Spikes5_OcclusionRoughnessMetallic.uasset" 115
"../../../TheDeadlySnowballs/Content/snowball2/Spikes5.uasset" 116
"../../../TheDeadlySnowballs/Content/snowball2/2Spikes3_Spikes6_OcclusionRoughnessMetallic.uasset" 117
"../../../TheDeadlySnowballs/Content/snowball2/Spikes6.uasset" 118
"../../../TheDeadlySnowballs/Content/snowball2/Spikes4_Spikes7_OcclusionRoughnessMetallic.uasset" 119
"../../../TheDeadlySnowballs/Content/snowball2/Spikes7.uasset" 120
"../../../TheDeadlySnowballs/Content/snowball2/Spikes4_Spikes8_OcclusionRoughnessMetallic.uasset" 121
"../../../TheDeadlySnowballs/Content/snowball2/Spikes8.uasset" 122
"../../../TheDeadlySnowballs/Content/Untitled_2_sharedassets/BlueIce_LayerInfo.uasset" 123
"../../../TheDeadlySnowballs/Content/Untitled_2_sharedassets/CrackedIce_LayerInfo.uasset" 124
"../../../TheDeadlySnowballs/Content/Untitled_2_sharedassets/WhiteIce_LayerInfo.uasset" 125
"../../../Engine/Content/EngineMaterials/DefaultMaterial.uasset" 126
"../../../Engine/Content/BasicShapes/Cone.uasset" 127
"../../../Engine/Content/BasicShapes/Cylinder.uasset" 128
"../../../Engine/Content/BasicShapes/Plane.uasset" 129
"../../../Engine/Content/BasicShapes/Sphere.uasset" 130
"../../../Engine/Content/EditorLandscapeResources/DataLayer.uasset" 131
"../../../Engine/Content/EditorMaterials/GizmoMaterial.uasset" 132
"../../../Engine/Content/EditorMaterials/MAT_Groups_Toggle.uasset" 133
"../../../Engine/Content/EditorMaterials/MAT_Groups_Visibility.uasset" 134
"../../../Engine/Content/EditorMaterials/PreviewShadowIndicator.uasset" 135
"../../../Engine/Content/EditorMaterials/PreviewShadowIndicatorMaterial.uasset" 136
"../../../Engine/Content/EditorMaterials/MatineeGroups/MAT_ColorTrack.uasset" 137
"../../../Engine/Content/EditorMaterials/MatineeGroups/MAT_Groups_Anim.uasset" 138
"../../../Engine/Content/EditorMaterials/MatineeGroups/MAT_Groups_AudioMaster.uasset" 139
"../../../Engine/Content/EditorMaterials/MatineeGroups/MAT_Groups_Director.uasset" 140
"../../../Engine/Content/EditorMaterials/MatineeGroups/MAT_Groups_Event.uasset" 141
"../../../Engine/Content/EditorMaterials/MatineeGroups/MAT_Groups_Fade.uasset" 142
"../../../Engine/Content/EditorMaterials/MatineeGroups/MAT_Groups_Float.uasset" 143
"../../../Engine/Content/EditorMaterials/MatineeGroups/MAT_Groups_Move.uasset" 144
"../../../Engine/Content/EditorMaterials/MatineeGroups/MAT_Groups_Slomo.uasset" 145
"../../../Engine/Content/EditorMaterials/MatineeGroups/MAT_Groups_Sound.uasset" 146
"../../../Engine/Content/EditorMaterials/MatineeGroups/MAT_Groups_Vector.uasset" 147
"../../../Engine/Content/EditorMaterials/ParticleSystems/PSysThumbnail_NoImage.uasset" 148
"../../../Engine/Content/EditorMaterials/ParticleSystems/PSysThumbnail_OOD.uasset" 149
"../../../Engine/Content/EditorMaterials/Camera/CineMat.uasset" 150
"../../../Engine/Content/EditorMaterials/Camera/MI_CineMat_Rig.uasset" 151
"../../../Engine/Content/EditorMeshes/Camera/SM_CraneRig_Arm.uasset" 152
"../../../Engine/Content/EditorMeshes/Camera/SM_CraneRig_Base.uasset" 153
"../../../Engine/Content/EditorMeshes/Camera/SM_CraneRig_Body.uasset" 154
"../../../Engine/Content/EditorMeshes/Camera/SM_CraneRig_Mount.uasset" 155
"../../../Engine/Content/EditorMeshes/Camera/SM_RailRig_Mount.uasset" 156
"../../../Engine/Content/EditorMeshes/Camera/SM_RailRig_Track.uasset" 157
"../../../Engine/Content/EditorResources/BSPVertex.uasset" 158
"../../../Engine/Content/EditorResources/EmptyActor.uasset" 159
"../../../Engine/Content/EditorResources/S_Actor.uasset" 160
"../../../Engine/Content/EditorResources/S_Trigger.uasset" 161
"../../../Engine/Content/EditorResources/LightIcons/S_LightError.uasset" 162
"../../../Engine/Content/EditorResources/SequenceRecorder/Countdown.uasset" 163
"../../../Engine/Content/EditorResources/SequenceRecorder/RecordingIndicator.uasset" 164
"../../../Engine/Content/EditorSounds/Notifications/CompileFailed.uasset" 165
"../../../Engine/Content/EditorSounds/Notifications/CompileFailed_Cue.uasset" 166
"../../../Engine/Content/EditorSounds/Notifications/CompileSuccess.uasset" 167
"../../../Engine/Content/EditorSounds/Notifications/CompileStart_Cue.uasset" 168
"../../../Engine/Content/EditorSounds/Notifications/CompileSuccess_Cue.uasset" 169
"../../../Engine/Content/EngineDamageTypes/DmgTypeBP_Environmental.uasset" 170
"../../../Engine/Content/EngineDebugMaterials/HeatmapGradient.uasset" 171
"../../../Engine/Content/EngineDebugMaterials/BoneWeightMaterial.uasset" 172
"../../../Engine/Content/EngineDebugMaterials/ClothMaterial.uasset" 173
"../../../Engine/Content/EngineDebugMaterials/ClothMaterial_WF.uasset" 174
"../../../Engine/Content/EngineDebugMaterials/DebugEditorMaterial.uasset" 175
"../../../Engine/Content/EngineDebugMaterials/DebugMeshMaterial.uasset" 176
"../../../Engine/Content/EngineDebugMaterials/GeomMaterial.uasset" 177
"../../../Engine/Content/EngineFonts/Faces/RobotoBold.uasset" 178
"../../../Engine/Content/EngineFonts/Faces/RobotoBoldItalic.uasset" 179
"../../../Engine/Content/EngineFonts/Faces/RobotoItalic.uasset" 180
"../../../Engine/Content/EngineFonts/Faces/RobotoLight.uasset" 181
"../../../Engine/Content/EngineFonts/Faces/RobotoRegular.uasset" 182
"../../../Engine/Content/EngineFonts/Roboto.uasset" 183
"../../../Engine/Content/EngineFonts/Faces/RobotoTiny.uasset" 184
"../../../Engine/Content/EngineFonts/RobotoTiny.uasset" 185
"../../../Engine/Content/EngineMaterials/DefaultBloomKernel.uasset" 186
"../../../Engine/Content/EngineMaterials/DefaultBokeh.uasset" 187
"../../../Engine/Content/EngineMaterials/DefaultDiffuse.uasset" 188
"../../../Engine/Content/EngineMaterials/DefaultDeferredDecalMaterial.uasset" 189
"../../../Engine/Content/EngineMaterials/DefaultLightFunctionMaterial.uasset" 190
"../../../Engine/Content/Functions/Engine_MaterialFunctions02/Utility/BreakOutFloat2Components.uasset" 191
"../../../Engine/Content/EngineMaterials/DefaultPostProcessMaterial.uasset" 192
"../../../Engine/Content/EngineFonts/RobotoDistanceField.uasset" 193
"../../../Engine/Content/EngineMaterials/DefaultTextMaterialOpaque.uasset" 194
"../../../Engine/Content/EngineMaterials/DefaultWhiteGrid.uasset" 195
"../../../Engine/Content/EngineMaterials/EditorBrushMaterial.uasset" 196
"../../../Engine/Content/EngineMaterials/Good64x64TilingNoiseHighFreq.uasset" 197
"../../../Engine/Content/EngineMaterials/MiniFont.uasset" 198
"../../../Engine/Content/EngineMaterials/InvalidLightmapSettings.uasset" 199
"../../../Engine/Content/EngineMaterials/M_InvalidLightmapSettings.uasset" 200
"../../../Engine/Content/Functions/Engine_MaterialFunctions02/WorldPositionOffset/CameraOffset.uasset" 201
"../../../Engine/Content/EngineMaterials/PhAT_JointLimitMaterial.uasset" 202
"../../../Engine/Content/EngineMaterials/PreintegratedSkinBRDF.uasset" 203
"../../../Engine/Content/EngineMaterials/RemoveSurfaceMaterial.uasset" 204
"../../../Engine/Content/EngineMaterials/WeightMapPlaceholderTexture.uasset" 205
"../../../Engine/Content/EngineResources/WhiteSquareTexture.uasset" 206
"../../../Engine/Content/EngineMaterials/Widget3DPassThrough.uasset" 207
"../../../Engine/Content/EngineMaterials/Widget3DPassThrough_Masked.uasset" 208
"../../../Engine/Content/EngineMaterials/Widget3DPassThrough_Opaque.uasset" 209
"../../../Engine/Content/EngineMaterials/Widget3DPassThrough_Masked_OneSided.uasset" 210
"../../../Engine/Content/EngineMaterials/Widget3DPassThrough_Opaque_OneSided.uasset" 211
"../../../Engine/Content/EngineMaterials/Widget3DPassThrough_Translucent.uasset" 212
"../../../Engine/Content/EngineMaterials/Widget3DPassThrough_Translucent_OneSided.uasset" 213
"../../../Engine/Content/EngineMeshes/Cube.uasset" 214
"../../../Engine/Content/EngineMeshes/Cylinder.uasset" 215
"../../../Engine/Content/EngineMeshes/Sphere.uasset" 216
"../../../Engine/Content/EngineResources/Black.uasset" 217
"../../../Engine/Content/EngineResources/DefaultTexture.uasset" 218
"../../../Engine/Content/EngineResources/DefaultTextureCube.uasset" 219
"../../../Engine/Content/EngineResources/GradientTexture0.uasset" 220
"../../../Engine/Content/EngineSounds/Master.uasset" 221
"../../../Engine/Content/Functions/Engine_MaterialFunctions01/Shading/ConvertFromDiffSpec.uasset" 222
"../../../Engine/Content/Functions/Engine_MaterialFunctions01/Shading/PowerToRoughness.uasset" 223
"../../../Engine/Content/Maps/Templates/Thumbnails/Default.uasset" 224
"../../../Engine/Content/Maps/Templates/Thumbnails/VR-Basic.uasset" 225
"../../../Engine/Content/MobileResources/T_MobileControls_texture.uasset" 226
"../../../Engine/Content/MobileResources/T_MobileMenu2.uasset" 227
"../../../Engine/Content/MobileResources/HUD/AnalogHat.uasset" 228
"../../../Engine/Content/MobileResources/HUD/VirtualJoystick_Background.uasset" 229
"../../../Engine/Content/MobileResources/HUD/VirtualJoystick_Thumb.uasset" 230
"../../../Engine/Content/MobileResources/HUD/DefaultVirtualJoysticks.uasset" 231
"../../../Engine/Content/MobileResources/HUD/LeftVirtualJoystickOnly.uasset" 232
"../../../Engine/Content/MobileResources/HUD/MobileHUDButton1_off.uasset" 233
"../../../Engine/Content/MobileResources/HUD/MobileHUDButton1_on.uasset" 234
"../../../Engine/Content/MobileResources/HUD/MobileHUDButton2_off.uasset" 235
"../../../Engine/Content/MobileResources/HUD/MobileHUDButton2_on.uasset" 236
"../../../Engine/Content/MobileResources/HUD/MobileHUDButton3.uasset" 237
"../../../Engine/Content/MobileResources/HUD/MobileHUDButtonFire.uasset" 238
"../../../Engine/Content/MobileResources/HUD/MobileHUDDirectionPad.uasset" 239
"../../../Engine/Content/MobileResources/HUD/MobileHUDDirectionPad2.uasset" 240
"../../../Engine/Content/MobileResources/HUD/MobileHUDDirectionPad3.uasset" 241
"../../../Engine/Content/MobileResources/HUD/MobileHUDDirectionStick.uasset" 242
"../../../Engine/Content/MobileResources/HUD/T_Castle_ThumbstickInner.uasset" 243
"../../../Engine/Content/MobileResources/HUD/T_Castle_ThumbstickOutter.uasset" 244
"../../../Engine/Content/Tutorial/ContentIntroCurve.uasset" 245
"../../../Engine/Content/Tutorial/Basics/TutorialAssets/icon_tab_Levels_40x.uasset" 246
"../../../Engine/Content/Tutorial/BlueprintTutorials/TutorialAssets/BlueprintInterface_64x.uasset" 247
"../../../Engine/Content/Tutorial/BlueprintTutorials/TutorialAssets/BlueprintMacroLibrary_64x.uasset" 248
"../../../Engine/Content/Tutorial/BlueprintTutorials/TutorialAssets/Blueprint_64x.uasset" 249
"../../../Engine/Content/Tutorial/BlueprintTutorials/TutorialAssets/Tutorial_BP_Interface.uasset" 250
"../../../Engine/Content/Tutorial/Foliage/TutorialAssets/Foliage.uasset" 251
"../../../Engine/Content/Tutorial/Landscape/TutorialAssets/Landscape.uasset" 252
"../../../Engine/Content/Tutorial/Mobile/TutorialAssets/android_Icon.uasset" 253
"../../../Engine/Content/Tutorial/Paper2D/TutorialAssets/Paper2DFlipbook_TutorialIcon.uasset" 254
"../../../Engine/Content/Tutorial/Paper2D/TutorialAssets/Paper2DSprite_TutorialIcon.uasset" 255
"../../../Engine/Content/Tutorial/SubEditors/TutorialAssets/icon_Editor_Preferences_General_40x.uasset" 256
"../../../Engine/Content/Tutorial/SubEditors/TutorialAssets/icon_ShowSkeletalMeshes_40x.uasset" 257
"../../../Engine/Content/Tutorial/SubEditors/TutorialAssets/TutorialMaterial.uasset" 258
"../../../Engine/Content/Tutorial/SubEditors/TutorialAssets/T_SmokeSubUV_8X8.uasset" 259
"../../../Engine/Content/Tutorial/SubEditors/TutorialAssets/T_soft_smoke.uasset" 260
"../../../Engine/Content/Tutorial/SubEditors/TutorialAssets/M_smoke_subUV_blackbody.uasset" 261
"../../../Engine/Content/Tutorial/SubEditors/TutorialAssets/TutorialParticleSystem.uasset" 262
"../../../Engine/Content/VREditor/Devices/Generic/GenericHMDMaterial.uasset" 263
"../../../Engine/Content/VREditor/Devices/Generic/GenericHMD.uasset" 264
"../../../Engine/Content/VREditor/FloatingText/LineMaterial.uasset" 265
"../../../Engine/Content/VREditor/FloatingText/JointSphere.uasset" 266
"../../../Engine/Content/VREditor/FloatingText/LineSegmentCylinder.uasset" 267
"../../../Engine/Content/VREditor/Fonts/VRText_RobotoLarge.uasset" 268
"../../../Engine/Content/VREditor/Fonts/VRTextMaterial.uasset" 269
"../../../Engine/Content/VREditor/Fonts/TranslucentVRTextMaterial.uasset" 270
"../../../Engine/Content/VREditor/LaserPointer/CursorPointer.uasset" 271
"../../../Engine/Content/VREditor/LaserPointer/VR_LaserPower_01.uasset" 272
"../../../Engine/Content/VREditor/TransformGizmo/TransformGizmoMaterial.uasset" 273
"../../../Engine/Content/VREditor/LaserPointer/HoverMaterial.uasset" 274
"../../../Engine/Content/VREditor/TransformGizmo/TranslucentTransformGizmoMaterial.uasset" 275
"../../../Engine/Content/VREditor/LaserPointer/TranslucentHoverMaterial.uasset" 276
"../../../Engine/Content/VREditor/LaserPointer/HoverMesh.uasset" 277
"../../../Engine/Content/VREditor/LaserPointer/LaserPointerMaterial.uasset" 278
"../../../Engine/Content/VREditor/LaserPointer/LaserPointerMaterialInst.uasset" 279
"../../../Engine/Content/VREditor/LaserPointer/TranslucentLaserPointerMaterialInst.uasset" 280
"../../../Engine/Content/VREditor/LaserPointer/LaserPointerMesh.uasset" 281
"../../../Engine/Content/VREditor/LaserPointer/LaserPointerMesh_End.uasset" 282
"../../../Engine/Content/VREditor/LaserPointer/LaserPointerMesh_Start.uasset" 283
"../../../Engine/Content/Functions/Engine_MaterialFunctions02/Utility/BreakOutFloat3Components.uasset" 284
"../../../Engine/Content/Functions/Engine_MaterialFunctions02/Math/Transform3x3Matrix.uasset" 285
"../../../Engine/Content/Functions/Engine_MaterialFunctions02/SplitComponents.uasset" 286
"../../../Engine/Content/Functions/Engine_MaterialFunctions02/Utility/MakeFloat3.uasset" 287
"../../../Engine/Content/VREditor/SnapGrid/SnapGridMaterial.uasset" 288
"../../../Engine/Content/VREditor/SnapGrid/SnapGridPlaneMesh.uasset" 289
"../../../Engine/Content/VREditor/Sounds/VR_teleport.uasset" 290
"../../../Engine/Content/VREditor/Sounds/UI/Click_on_Button_Cue.uasset" 291
"../../../Engine/Content/VREditor/Sounds/UI/Dockable_Window_Close.uasset" 292
"../../../Engine/Content/VREditor/Sounds/UI/Dockable_Window_Drop.uasset" 293
"../../../Engine/Content/VREditor/Sounds/UI/Dockable_Window_Open.uasset" 294
"../../../Engine/Content/VREditor/Sounds/UI/Dockable_Window_Pick_Up.uasset" 295
"../../../Engine/Content/VREditor/Sounds/UI/Drop_Item_From_ContentBrowser.uasset" 296
"../../../Engine/Content/VREditor/Sounds/UI/Floating_UI_Open-001.uasset" 297
"../../../Engine/Content/VREditor/Sounds/UI/Gizmo_Handle_Clicked.uasset" 298
"../../../Engine/Content/VREditor/Sounds/UI/Object_PickUp.uasset" 299
"../../../Engine/Content/VREditor/Sounds/UI/Object_Snaps_To_Another_Actor.uasset" 300
"../../../Engine/Content/VREditor/Sounds/UI/Object_Snaps_To_Grid.uasset" 301
"../../../Engine/Content/VREditor/Sounds/UI/Radial_Menu_FadeOut.uasset" 302
"../../../Engine/Content/VREditor/Sounds/UI/Scaling_Down.uasset" 303
"../../../Engine/Content/VREditor/Sounds/UI/Scaling_Up.uasset" 304
"../../../Engine/Content/VREditor/Sounds/UI/Selection_Changes.uasset" 305
"../../../Engine/Content/VREditor/Sounds/UI/Teleport_Mode_Entered.uasset" 306
"../../../Engine/Content/VREditor/Teleport/TeleportDirectionMaterial.uasset" 307
"../../../Engine/Content/VREditor/Teleport/TeleportDirectionMaterial_Inst.uasset" 308
"../../../Engine/Content/VREditor/Teleport/TeleportDirectionMesh.uasset" 309
"../../../Engine/Content/VREditor/TransformGizmo/BoundingBoxCorner.uasset" 310
"../../../Engine/Content/VREditor/TransformGizmo/BoundingBoxEdge.uasset" 311
"../../../Engine/Content/VREditor/TransformGizmo/PlaneTranslationHandle.uasset" 312
"../../../Engine/Content/VREditor/TransformGizmo/RotationHandleFull.uasset" 313
"../../../Engine/Content/VREditor/TransformGizmo/RotationHandleIndicator.uasset" 314
"../../../Engine/Content/VREditor/TransformGizmo/RotationHandleQuarter.uasset" 315
"../../../Engine/Content/VREditor/TransformGizmo/Main.uasset" 316
"../../../Engine/Content/VREditor/TransformGizmo/Xray.uasset" 317
"../../../Engine/Content/VREditor/TransformGizmo/SM_Dialog_Close.uasset" 318
"../../../Engine/Content/VREditor/TransformGizmo/SM_Dialog_Move.uasset" 319
"../../../Engine/Content/VREditor/TransformGizmo/SM_Sequencer_Key.uasset" 320
"../../../Engine/Content/VREditor/TransformGizmo/SM_Sequencer_Node.uasset" 321
"../../../Engine/Content/VREditor/TransformGizmo/StartRotationHandleIndicator.uasset" 322
"../../../Engine/Content/VREditor/TransformGizmo/TranslucentTransformGizmoMaterial_Inst.uasset" 323
"../../../Engine/Content/VREditor/TransformGizmo/TransformGizmoFreeRotation.uasset" 324
"../../../Engine/Content/VREditor/TransformGizmo/TransformGizmoMaterial_Inst.uasset" 325
"../../../Engine/Content/VREditor/TransformGizmo/TranslateArrowHandle.uasset" 326
"../../../Engine/Content/VREditor/TransformGizmo/UniformScaleHandle.uasset" 327
"../../../Engine/Content/VREditor/UI/KeyDiskMaterial.uasset" 328
"../../../Engine/Content/VREditor/UI/DiscMaterial.uasset" 329
"../../../Engine/Content/VREditor/UI/SM_Radial_Disk.uasset" 330
"../../../Engine/Content/Functions/Engine_MaterialFunctions01/Gradient/RadialGradient.uasset" 331
"../../../Engine/Content/VREditor/WorldMovementGrid/SimpleGrid.uasset" 332
"../../../Engine/Content/VREditor/WorldMovementGrid/GridMaterial.uasset" 333
"../../../Engine/Content/Functions/Engine_MaterialFunctions01/Density/ExponentialDensity.uasset" 334
"../../../Engine/Content/VREditor/WorldMovementGrid/GridPostProcess.uasset" 335
"../../../Engine/Content/EditorLandscapeResources/FlattenHeightMat.uasset" 336
"../../../Engine/Content/VREditor/WorldMovementGrid/PlaneMesh.uasset" 337
"../../../Engine/Plugins/2D/Paper2D/Content/PlaceholderTextures/DummySpriteTexture.uasset" 338
"../../../Engine/Plugins/2D/Paper2D/Content/DummySprite.uasset" 339
"../../../Engine/Plugins/2D/Paper2D/Content/DefaultPaperTerrainMaterial.uasset" 340
"../../../Engine/Plugins/2D/Paper2D/Content/DefaultSpriteMaterial.uasset" 341
"../../../Engine/Plugins/2D/Paper2D/Content/MaskedUnlitSpriteMaterial.uasset" 342
"../../../Engine/Plugins/2D/Paper2D/Content/OpaqueUnlitSpriteMaterial.uasset" 343
"../../../Engine/Plugins/Media/MediaCompositing/Content/DefaultMediaPlaneMaterial.uasset" 344
"../../../Engine/Content/Functions/Engine_MaterialFunctions02/Utility/MakeFloat4.uasset" 345
"../../../Engine/Plugins/Runtime/AppleARKit/Content/ARKitCameraMaterial.uasset" 346
"../../../Engine/Plugins/Runtime/Oculus/OculusVR/Content/Textures/GearVRController_AO.uasset" 347
"../../../Engine/Plugins/Runtime/Oculus/OculusVR/Content/Textures/GearVRController_Color.uasset" 348
"../../../Engine/Plugins/Runtime/Oculus/OculusVR/Content/Textures/GearVRController_Normal.uasset" 349
"../../../Engine/Plugins/Runtime/Oculus/OculusVR/Content/Materials/GearVRControllerMaterial.uasset" 350
"../../../Engine/Plugins/Runtime/Oculus/OculusVR/Content/Meshes/GearVrController.uasset" 351
"../../../Engine/Content/EditorBlueprintResources/StandardMacros.uasset" 352
"../../../Engine/Content/EngineSky/C_Sky_Cloud_Color.uasset" 353
"../../../Engine/Content/EngineSky/C_Sky_Horizon_Color.uasset" 354
"../../../Engine/Content/EngineSky/C_Sky_Zenith_Color.uasset" 355
"../../../Engine/Content/EngineSky/T_Sky_Blue.uasset" 356
"../../../Engine/Content/EngineSky/T_Sky_Clouds_M.uasset" 357
"../../../Engine/Content/EngineSky/T_Sky_Stars.uasset" 358
"../../../Engine/Content/EngineSky/M_Sky_Panning_Clouds2.uasset" 359
"../../../Engine/Content/EngineSky/SM_SkySphere.uasset" 360
"../../../Engine/Content/EngineSky/BP_Sky_Sphere.uasset" 361
"../../../Engine/Content/MapTemplates/SM_Template_Map_Floor.uasset" 362
"../../../TheDeadlySnowballs/Content/COSSETTE/Blueprints/MainMenuWidgetBP.uasset" 363
"../../../TheDeadlySnowballs/Content/COSSETTE/Blueprints/MainMenuLevelBP.umap" 364
"../../../TheDeadlySnowballs/Content/COSSETTE/Blueprints/MainMenuLevelBP1.umap" 365
"../../../TheDeadlySnowballs/Content/COSSETTE/Maps/MainMenuLevel.umap" 366
"../../../TheDeadlySnowballs/Content/COSSETTE/Maps/MainMenuLevelBP1.umap" 367
"../../../TheDeadlySnowballs/Content/COSSETTE/Maps/Practice_BuiltData.uasset" 368
"../../../TheDeadlySnowballs/Content/COSSETTE/Maps/Practice.umap" 369
"../../../TheDeadlySnowballs/Content/COSSETTE/Blueprints/Mode.uasset" 370
"../../../TheDeadlySnowballs/Content/COSSETTE/Maps/PracticeLevel.umap" 371
"../../../TheDeadlySnowballs/Content/COSSETTE/Wave1/MainMenuLevelBP.umap" 372
"../../../TheDeadlySnowballs/Content/COSSETTE/Wave1/MainMenuLevelBP1.umap" 373
"../../../TheDeadlySnowballs/Content/COSSETTE/Wave2/MainMenuLevelBP.umap" 374
"../../../TheDeadlySnowballs/Content/COSSETTE/Wave2/MainMenuLevelBP1.umap" 375
"../../../TheDeadlySnowballs/Content/COSSETTE/Wave3/MainMenuLevelBP.umap" 376
"../../../TheDeadlySnowballs/Content/COSSETTE/Wave3/MainMenuLevelBP1.umap" 377
"../../../TheDeadlySnowballs/Content/COSSETTE/Wave4/MainMenuLevelBP.umap" 378
"../../../TheDeadlySnowballs/Content/COSSETTE/Wave4/MainMenuLevelBP1.umap" 379
"../../../TheDeadlySnowballs/Content/COSSETTE/Blueprints/MovingSpikeWave1.uasset" 380
"../../../TheDeadlySnowballs/Content/NEIL/SnowSpikes1.uasset" 381
"../../../TheDeadlySnowballs/Content/COSSETTE/Wave1/MovingSpikeWave1.uasset" 382
"../../../TheDeadlySnowballs/Content/JERIC/Materials/3.uasset" 383
"../../../TheDeadlySnowballs/Content/JERIC/Materials/colo1white.uasset" 384
"../../../TheDeadlySnowballs/Content/JERIC/Materials/colorwhite1.uasset" 385
"../../../Engine/Content/EngineMaterials/DefaultPhysicalMaterial.uasset" 386
"../../../TheDeadlySnowballs/Content/COSSETTE/Blueprints/DeadWave1.uasset" 387
"../../../Engine/Content/Functions/Engine_MaterialFunctions01/Gradient/LinearGradient.uasset" 388
"../../../Engine/Content/Functions/Engine_MaterialFunctions01/Gradient/DiamondGradient.uasset" 389
"../../../TheDeadlySnowballs/Content/JERIC/Portals/Diamond.uasset" 390
"../../../Engine/Content/Functions/Engine_MaterialFunctions01/Gradient/RadialGradientExponential.uasset" 391
"../../../TheDeadlySnowballs/Content/JERIC/Portals/Dot2.uasset" 392
"../../../TheDeadlySnowballs/Content/JERIC/Portals/Smoke1.uasset" 393
"../../../TheDeadlySnowballs/Content/JERIC/Portals/Portal.uasset" 394
"../../../TheDeadlySnowballs/Content/NEIL/IceMountain__1__IceMountain_BaseColor.uasset" 395
"../../../TheDeadlySnowballs/Content/NEIL/IceMountain__1__IceMountain_Normal.uasset" 396
"../../../TheDeadlySnowballs/Content/NEIL/IceMountain__1__IceMountain_OcclusionRoughnessMetallic.uasset" 397
"../../../TheDeadlySnowballs/Content/NEIL/IceMountain.uasset" 398
"../../../TheDeadlySnowballs/Content/NEIL/IceMountain__1_.uasset" 399
"../../../TheDeadlySnowballs/Content/NEIL/SnowMan_Arms_BaseColor.uasset" 400
"../../../TheDeadlySnowballs/Content/NEIL/SnowMan_Arms_Normal.uasset" 401
"../../../TheDeadlySnowballs/Content/NEIL/SnowMan_Arms_OcclusionRoughnessMetallic.uasset" 402
"../../../TheDeadlySnowballs/Content/NEIL/Arms.uasset" 403
"../../../TheDeadlySnowballs/Content/NEIL/SnowMan_Hat_BaseColor.uasset" 404
"../../../TheDeadlySnowballs/Content/NEIL/SnowMan_Hat_Normal.uasset" 405
"../../../TheDeadlySnowballs/Content/NEIL/SnowMan_Hat_OcclusionRoughnessMetallic.uasset" 406
"../../../TheDeadlySnowballs/Content/NEIL/Hat.uasset" 407
"../../../TheDeadlySnowballs/Content/NEIL/SnowMan_Nose_BaseColor.uasset" 408
"../../../TheDeadlySnowballs/Content/NEIL/SnowMan_Nose_Normal.uasset" 409
"../../../TheDeadlySnowballs/Content/NEIL/SnowMan_Nose_OcclusionRoughnessMetallic.uasset" 410
"../../../TheDeadlySnowballs/Content/NEIL/Nose.uasset" 411
"../../../TheDeadlySnowballs/Content/NEIL/SnowMan_SnowBody_BaseColor.uasset" 412
"../../../TheDeadlySnowballs/Content/NEIL/SnowMan_SnowBody_Normal.uasset" 413
"../../../TheDeadlySnowballs/Content/NEIL/SnowMan_SnowBody_OcclusionRoughnessMetallic.uasset" 414
"../../../TheDeadlySnowballs/Content/NEIL/SnowBody.uasset" 415
"../../../TheDeadlySnowballs/Content/NEIL/SnowMan_Stone_BaseColor.uasset" 416
"../../../TheDeadlySnowballs/Content/NEIL/SnowMan_Stone_Normal.uasset" 417
"../../../TheDeadlySnowballs/Content/NEIL/SnowMan_Stone_OcclusionRoughnessMetallic.uasset" 418
"../../../TheDeadlySnowballs/Content/NEIL/Stone.uasset" 419
"../../../TheDeadlySnowballs/Content/NEIL/SnowMan.uasset" 420
"../../../TheDeadlySnowballs/Content/JERIC/Levels/Wave1Level.umap" 421
"../../../TheDeadlySnowballs/Content/COSSETTE/Wave2/MovingSpike.uasset" 422
"../../../TheDeadlySnowballs/Content/JERIC/Levels/Wave1LevelFinal_BuiltData.uasset" 423
"../../../TheDeadlySnowballs/Content/JERIC/Portals/light_Inst.uasset" 424
"../../../TheDeadlySnowballs/Content/JERIC/Portals/violet.uasset" 425
"../../../TheDeadlySnowballs/Content/COSSETTE/Textures/wave-1-background.uasset" 426
"../../../TheDeadlySnowballs/Content/COSSETTE/Wave1/Wave1.uasset" 427
"../../../TheDeadlySnowballs/Content/JERIC/Levels/Wave1LevelFinal.umap" 428
"../../../TheDeadlySnowballs/Content/NEIL/Spikes3_Spikes5_BaseColor.uasset" 429
"../../../TheDeadlySnowballs/Content/NEIL/Spikes3_Spikes5_Normal.uasset" 430
"../../../TheDeadlySnowballs/Content/NEIL/Spikes3_Spikes5_OcclusionRoughnessMetallic.uasset" 431
"../../../TheDeadlySnowballs/Content/NEIL/Spikes3.uasset" 432
"../../../TheDeadlySnowballs/Content/NEIL/Spikes3_Spikes6_BaseColor.uasset" 433
"../../../TheDeadlySnowballs/Content/NEIL/Spikes3_Spikes6_Normal.uasset" 434
"../../../TheDeadlySnowballs/Content/NEIL/Spikes3_Spikes6_OcclusionRoughnessMetallic.uasset" 435
"../../../TheDeadlySnowballs/Content/NEIL/Spikes4.uasset" 436
"../../../TheDeadlySnowballs/Content/NEIL/Spikes2.uasset" 437
"../../../TheDeadlySnowballs/Content/COSSETTE/Wave2/MovingSpikeWave2.uasset" 438
"../../../TheDeadlySnowballs/Content/JERIC/Levels/Wave2Level_BuiltData.uasset" 439
"../../../TheDeadlySnowballs/Content/COSSETTE/Wave2/DeadWave12.uasset" 440
"../../../TheDeadlySnowballs/Content/JERIC/Levels/Wave2Level.umap" 441
"../../../TheDeadlySnowballs/Content/COSSETTE/Textures/wave-3-background.uasset" 442
"../../../TheDeadlySnowballs/Content/COSSETTE/Wave3/Wave3.uasset" 443
"../../../TheDeadlySnowballs/Content/JERIC/Levels/Wave2Level_2.umap" 444
"../../../TheDeadlySnowballs/Content/COSSETTE/Wave3/DeadWave3.uasset" 445
"../../../TheDeadlySnowballs/Content/JERIC/Levels/Wave2Level_3.umap" 446
"../../../TheDeadlySnowballs/Content/NEIL/2Spikes3_Spikes5_BaseColor.uasset" 447
"../../../TheDeadlySnowballs/Content/NEIL/2Spikes3_Spikes5_Normal.uasset" 448
"../../../TheDeadlySnowballs/Content/NEIL/2Spikes3_Spikes5_OcclusionRoughnessMetallic.uasset" 449
"../../../TheDeadlySnowballs/Content/NEIL/Spikes5.uasset" 450
"../../../TheDeadlySnowballs/Content/NEIL/2Spikes3_Spikes6_BaseColor.uasset" 451
"../../../TheDeadlySnowballs/Content/NEIL/2Spikes3_Spikes6_Normal.uasset" 452
"../../../TheDeadlySnowballs/Content/NEIL/2Spikes3_Spikes6_OcclusionRoughnessMetallic.uasset" 453
"../../../TheDeadlySnowballs/Content/NEIL/Spikes6.uasset" 454
"../../../TheDeadlySnowballs/Content/NEIL/2Spikes.uasset" 455
"../../../TheDeadlySnowballs/Content/COSSETTE/Wave3/MovingSpikeWave3.uasset" 456
"../../../TheDeadlySnowballs/Content/JERIC/Levels/Wave3Level.umap" 457
"../../../TheDeadlySnowballs/Content/JERIC/Levels/Wave3Level_2.umap" 458
"../../../TheDeadlySnowballs/Content/NEIL/SnowSpikesBoss__1__SnowSpikesBoss_BaseColor.uasset" 459
"../../../TheDeadlySnowballs/Content/NEIL/SnowSpikesBoss__1__SnowSpikesBoss_Normal.uasset" 460
"../../../TheDeadlySnowballs/Content/NEIL/SnowSpikesBoss__1__SnowSpikesBoss_OcclusionRoughnessMetallic.uasset" 461
"../../../TheDeadlySnowballs/Content/NEIL/SnowSpikesBoss.uasset" 462
"../../../TheDeadlySnowballs/Content/NEIL/SnowSpikesBoss__1__SpikeBoss2_BaseColor.uasset" 463
"../../../TheDeadlySnowballs/Content/NEIL/SnowSpikesBoss__1__SpikeBoss2_Normal.uasset" 464
"../../../TheDeadlySnowballs/Content/NEIL/SnowSpikesBoss__1__SpikeBoss2_OcclusionRoughnessMetallic.uasset" 465
"../../../TheDeadlySnowballs/Content/NEIL/SpikeBoss2.uasset" 466
"../../../TheDeadlySnowballs/Content/NEIL/SnowSpikesBoss__1_.uasset" 467
"../../../TheDeadlySnowballs/Content/COSSETTE/Wave4/MovingSpikeWave4.uasset" 468
"../../../TheDeadlySnowballs/Content/COSSETTE/Wave4/DeadWave4.uasset" 469
"../../../TheDeadlySnowballs/Content/COSSETTE/Textures/PORTFOLIO.uasset" 470
"../../../TheDeadlySnowballs/Content/COSSETTE/Wave4/Portfolio.uasset" 471
"../../../TheDeadlySnowballs/Content/COSSETTE/Textures/wave-4-background.uasset" 472
"../../../TheDeadlySnowballs/Content/COSSETTE/Wave4/Wave4.uasset" 473
"../../../TheDeadlySnowballs/Content/JERIC/Levels/Wave4Level.umap" 474
"../../../TheDeadlySnowballs/Content/NEIL/NewMap_BuiltData.uasset" 475
"../../../TheDeadlySnowballs/Content/NEIL/NewMap.umap" 476
"../../../TheDeadlySnowballs/Content/NEIL/NewMap1_BuiltData.uasset" 477
"../../../TheDeadlySnowballs/Content/NEIL/NewMap1.umap" 478
"../../../TheDeadlySnowballs/Content/NEIL/NewMap2_BuiltData.uasset" 479
"../../../TheDeadlySnowballs/Content/NEIL/NewMap2.umap" 480
"../../../Engine/Content/Maps/Entry.umap" 481
"../../../Engine/Content/Maps/Templates/Template_Default_BuiltData.uasset" 482
"../../../Engine/Content/Maps/Templates/Template_Default.umap" 483
